/*C5*/SET SCHEMA PUBLIC
DROP TABLE IF EXISTS pokedex
CREATE TEXT TABLE pokedex (pokemonID int IDENTITY, pokemon varchar(100), name varchar(100), description varchar(100), type1 varchar(100), type2 varchar(100), image varchar(100))
SET TABLE pokedex SOURCE 'pokedex.csv;ignore_first=true;fs=\semi'
/*C16*/SET SCHEMA PUBLIC
COMMIT
/*C18*/SET SCHEMA PUBLIC
COMMIT
/*C35*/SET SCHEMA PUBLIC
COMMIT
/*C37*/SET SCHEMA PUBLIC
COMMIT
/*C39*/SET SCHEMA PUBLIC
COMMIT
/*C41*/SET SCHEMA PUBLIC
COMMIT
/*C58*/SET SCHEMA PUBLIC
COMMIT
/*C55*/SET SCHEMA PUBLIC
COMMIT
